#
# A fatal error has been detected by the Java Runtime Environment:
#
#  EXCEPTION_ACCESS_VIOLATION (0xc0000005) at pc=0x00007ff959a4c683, pid=17304, tid=0x0000000000000410
#
# JRE version: Java(TM) SE Runtime Environment (8.0_261-b12) (build 1.8.0_261-b12)
# Java VM: Java HotSpot(TM) 64-Bit Server VM (25.261-b12 mixed mode windows-amd64 compressed oops)
# Problematic frame:
# C  [vtkRenderingOpenGL2-7.1.dll+0xec683]
#
# Failed to write core dump. Minidumps are not enabled by default on client versions of Windows
#
# If you would like to submit a bug report, please visit:
#   http://bugreport.java.com/bugreport/crash.jsp
# The crash happened outside the Java Virtual Machine in native code.
# See problematic frame for where to report the bug.
#

---------------  T H R E A D  ---------------

Current thread (0x0000022a3b2dc800):  JavaThread "AWT-EventQueue-0" [_thread_in_native, id=1040, stack(0x0000005c11c00000,0x0000005c11d00000)]

siginfo: ExceptionCode=0xc0000005, reading address 0x0000000000000078

Registers:
RAX=0x00007ff959b41b08, RBX=0x0000000000000000, RCX=0x0000000000000000, RDX=0x00007ff959aa69e8
RSP=0x0000005c11cfbb80, RBP=0x0000005c11cfbbb0, RSI=0x0000022a3d1a5f80, RDI=0x0000022a3d29daf0
R8 =0x0000000000000000, R9 =0x0000022a3d29daf0, R10=0x0000000000008000, R11=0x0000005c11cfbfa0
R12=0x00007ff959aa69e8, R13=0x00007ff959aa69e8, R14=0x0000022a3d1a5f80, R15=0x0000000000000000
RIP=0x00007ff959a4c683, EFLAGS=0x0000000000010206

Top of Stack: (sp=0x0000005c11cfbb80)
0x0000005c11cfbb80:   00007ff959b4ae68 00007ff900000000
0x0000005c11cfbb90:   00007ff959b42c68 0000022a3d13c210
0x0000005c11cfbba0:   0000005c11cfbbe0 0000005c11cfbc20
0x0000005c11cfbbb0:   0000022a3f55a880 00007ff95bfaa0c0
0x0000005c11cfbbc0:   0000022a3d31a020 00007ff900000000
0x0000005c11cfbbd0:   0000000000000000 000000000000000f
0x0000005c11cfbbe0:   fffffffffffffffe 00007ff959b42c68
0x0000005c11cfbbf0:   0000005c11cfbc20 00007ff959a52a03
0x0000005c11cfbc00:   0000005c11cfbc20 0000005c11cfbc40
0x0000005c11cfbc10:   0000022a24ac0000 00007ff9e81fb997
0x0000005c11cfbc20:   00007ff95c1e6fc8 0000022a8208ce44
0x0000005c11cfbc30:   fffffffffffffffe 0000022a3d2525b8
0x0000005c11cfbc40:   0000022a3d29daf0 0000022a3d1a5f80
0x0000005c11cfbc50:   0000000000000000 0000022a24ac0150
0x0000005c11cfbc60:   0000005c11cfbc90 00007ff959a4c2ff
0x0000005c11cfbc70:   0000000000000000 0000022a24ac0000 

Instructions: (pc=0x00007ff959a4c683)
0x00007ff959a4c663:   b5 98 00 00 00 48 89 9d a0 00 00 00 48 89 8d c0
0x00007ff959a4c673:   00 00 00 48 c7 85 80 00 00 00 fe ff ff ff 74 06
0x00007ff959a4c683:   80 79 78 00 75 15 b8 ff ff ff ff 4c 8b a5 88 00
0x00007ff959a4c693:   00 00 48 8d a5 b0 00 00 00 5d c3 33 ff 48 8d 4d 


Register to memory mapping:

RAX=0x00007ff959b41b08 is an unknown value
RBX=0x0000000000000000 is an unknown value
RCX=0x0000000000000000 is an unknown value
RDX=0x00007ff959aa69e8 is an unknown value
RSP=0x0000005c11cfbb80 is pointing into the stack for thread: 0x0000022a3b2dc800
RBP=0x0000005c11cfbbb0 is pointing into the stack for thread: 0x0000022a3b2dc800
RSI=0x0000022a3d1a5f80 is an unknown value
RDI=0x0000022a3d29daf0 is an unknown value
R8 =0x0000000000000000 is an unknown value
R9 =0x0000022a3d29daf0 is an unknown value
R10=0x0000000000008000 is an unknown value
R11=0x0000005c11cfbfa0 is pointing into the stack for thread: 0x0000022a3b2dc800
R12=0x00007ff959aa69e8 is an unknown value
R13=0x00007ff959aa69e8 is an unknown value
R14=0x0000022a3d1a5f80 is an unknown value
R15=0x0000000000000000 is an unknown value


Stack: [0x0000005c11c00000,0x0000005c11d00000],  sp=0x0000005c11cfbb80,  free space=1006k
Native frames: (J=compiled Java code, j=interpreted, Vv=VM code, C=native code)
C  [vtkRenderingOpenGL2-7.1.dll+0xec683]
C  [vtkRenderingOpenGL2-7.1.dll+0xec2ff]
C  [vtkRenderingOpenGL2-7.1.dll+0xa4a9c]
C  [vtkRenderingOpenGL2-7.1.dll+0x9b05f]
C  [vtkRenderingOpenGL2-7.1.dll+0x991ed]
C  [vtkRenderingOpenGL2-7.1.dll+0x98cba]
C  [vtkRenderingCore-7.1.dll+0xa77b0]
C  [vtkRenderingOpenGL2-7.1.dll+0x2c8c2]
C  [vtkRenderingCore-7.1.dll+0xbf61]
C  [vtkRenderingOpenGL2-7.1.dll+0xc25ba]
C  [vtkRenderingOpenGL2-7.1.dll+0xc10d8]
C  [vtkRenderingCore-7.1.dll+0xb5a80]
C  [vtkRenderingCore-7.1.dll+0xb42a9]
C  [vtkRenderingCore-7.1.dll+0xc0465]
C  [vtkRenderingCore-7.1.dll+0xc08af]
C  [vtkRenderingCore-7.1.dll+0xc0e8b]
C  [vtkRenderingCore-7.1.dll+0xbe0d5]
C  [vtkRenderingOpenGL2-7.1.dll+0xb9a6a]
C  0x0000022a26519f4e

Java frames: (J=compiled Java code, j=interpreted, Vv=VM code)
j  vtk.vtkRenderWindow.Render_10()V+0
j  vtk.vtkRenderWindow.Render()V+1
j  vtk.vtkPanel.Render()V+164
j  inf.vtk.VTKCanvas.Render()V+91
j  inf.vtk.uiswing.HardCopyDialog.hardcopy(Linf/vtk/VTKCanvas;Ljava/lang/String;ZII)V+198
j  inf.vtk.uiswing.HardCopyDialog.doSave(Linf/vtk/VTKCanvas;Ljava/lang/String;)V+23
j  inf.vtk.uiswing.HardCopyDialog.save()V+256
j  inf.vtk.uiswing.HardCopyDialog$3.actionPerformed(Ljava/awt/event/ActionEvent;)V+4
j  javax.swing.AbstractButton.fireActionPerformed(Ljava/awt/event/ActionEvent;)V+83
j  javax.swing.AbstractButton$Handler.actionPerformed(Ljava/awt/event/ActionEvent;)V+5
j  javax.swing.DefaultButtonModel.fireActionPerformed(Ljava/awt/event/ActionEvent;)V+34
j  javax.swing.DefaultButtonModel.setPressed(Z)V+117
j  javax.swing.plaf.basic.BasicButtonListener.mouseReleased(Ljava/awt/event/MouseEvent;)V+35
j  java.awt.Component.processMouseEvent(Ljava/awt/event/MouseEvent;)V+64
j  javax.swing.JComponent.processMouseEvent(Ljava/awt/event/MouseEvent;)V+23
J 1105 C1 java.awt.Component.processEvent(Ljava/awt/AWTEvent;)V (220 bytes) @ 0x0000022a26905684 [0x0000022a26905160+0x524]
J 1679 C1 java.awt.Container.processEvent(Ljava/awt/AWTEvent;)V (22 bytes) @ 0x0000022a26a8da4c [0x0000022a26a8d720+0x32c]
J 1090 C1 java.awt.Component.dispatchEventImpl(Ljava/awt/AWTEvent;)V (921 bytes) @ 0x0000022a268d2104 [0x0000022a268ccc00+0x5504]
J 1410 C1 java.awt.Container.dispatchEventImpl(Ljava/awt/AWTEvent;)V (129 bytes) @ 0x0000022a269c1d84 [0x0000022a269c1c40+0x144]
J 2179 C1 java.awt.LightweightDispatcher.retargetMouseEvent(Ljava/awt/Component;ILjava/awt/event/MouseEvent;)V (372 bytes) @ 0x0000022a26c090d4 [0x0000022a26c068c0+0x2814]
J 2013 C1 java.awt.LightweightDispatcher.processMouseEvent(Ljava/awt/event/MouseEvent;)Z (286 bytes) @ 0x0000022a26b872cc [0x0000022a26b85bc0+0x170c]
J 1611 C1 java.awt.LightweightDispatcher.dispatchEvent(Ljava/awt/AWTEvent;)Z (73 bytes) @ 0x0000022a26a508fc [0x0000022a26a504c0+0x43c]
J 1410 C1 java.awt.Container.dispatchEventImpl(Ljava/awt/AWTEvent;)V (129 bytes) @ 0x0000022a269c1d24 [0x0000022a269c1c40+0xe4]
J 1633 C1 java.awt.Window.dispatchEventImpl(Ljava/awt/AWTEvent;)V (23 bytes) @ 0x0000022a26a5efa4 [0x0000022a26a5e9c0+0x5e4]
J 1133 C1 java.awt.EventQueue.dispatchEventImpl(Ljava/awt/AWTEvent;Ljava/lang/Object;)V (149 bytes) @ 0x0000022a2691c27c [0x0000022a2691aa40+0x183c]
J 1131 C1 java.awt.EventQueue$3.run()Ljava/lang/Void; (60 bytes) @ 0x0000022a26919e4c [0x0000022a26919c40+0x20c]
J 1130 C1 java.awt.EventQueue$3.run()Ljava/lang/Object; (5 bytes) @ 0x0000022a269198cc [0x0000022a26919840+0x8c]
v  ~StubRoutines::call_stub
J 1006  java.security.AccessController.doPrivileged(Ljava/security/PrivilegedAction;Ljava/security/AccessControlContext;)Ljava/lang/Object; (0 bytes) @ 0x0000022a2689dfa6 [0x0000022a2689df40+0x66]
J 1096 C1 java.awt.EventQueue$4.run()Ljava/lang/Object; (5 bytes) @ 0x0000022a268fbb2c [0x0000022a268fb700+0x42c]
v  ~StubRoutines::call_stub
J 1006  java.security.AccessController.doPrivileged(Ljava/security/PrivilegedAction;Ljava/security/AccessControlContext;)Ljava/lang/Object; (0 bytes) @ 0x0000022a2689dfa6 [0x0000022a2689df40+0x66]
J 1064 C1 java.awt.EventQueue.dispatchEvent(Ljava/awt/AWTEvent;)V (80 bytes) @ 0x0000022a268b5d3c [0x0000022a268b4ec0+0xe7c]
J 1070 C1 java.awt.EventDispatchThread.pumpOneEventForFilters(I)V (190 bytes) @ 0x0000022a268bffcc [0x0000022a268bee80+0x114c]
j  java.awt.EventDispatchThread.pumpEventsForFilter(ILjava/awt/Conditional;Ljava/awt/EventFilter;)V+35
j  java.awt.EventDispatchThread.pumpEventsForHierarchy(ILjava/awt/Conditional;Ljava/awt/Component;)V+11
j  java.awt.EventDispatchThread.pumpEvents(ILjava/awt/Conditional;)V+4
j  java.awt.EventDispatchThread.pumpEvents(Ljava/awt/Conditional;)V+3
j  java.awt.EventDispatchThread.run()V+9
v  ~StubRoutines::call_stub

---------------  P R O C E S S  ---------------

Java Threads: ( => current thread )
  0x0000022a3b2dd800 JavaThread "Swing-Shell" daemon [_thread_blocked, id=16472, stack(0x0000005c12b10000,0x0000005c12c10000)]
  0x0000022a3b2d9800 JavaThread "TimerQueue" daemon [_thread_blocked, id=4116, stack(0x0000005c12910000,0x0000005c12a10000)]
  0x0000022a3b2dc000 JavaThread "DestroyJavaVM" [_thread_blocked, id=1296, stack(0x0000005c10a00000,0x0000005c10b00000)]
=>0x0000022a3b2dc800 JavaThread "AWT-EventQueue-0" [_thread_in_native, id=1040, stack(0x0000005c11c00000,0x0000005c11d00000)]
  0x0000022a3b2d8800 JavaThread "AWT-Windows" daemon [_thread_in_native, id=10924, stack(0x0000005c11b00000,0x0000005c11c00000)]
  0x0000022a3b2d8000 JavaThread "AWT-Shutdown" [_thread_blocked, id=4728, stack(0x0000005c11a00000,0x0000005c11b00000)]
  0x0000022a3b2db000 JavaThread "Java2D Disposer" daemon [_thread_blocked, id=14368, stack(0x0000005c11900000,0x0000005c11a00000)]
  0x0000022a3b2da800 JavaThread "Service Thread" daemon [_thread_blocked, id=15872, stack(0x0000005c11700000,0x0000005c11800000)]
  0x0000022a3b30f800 JavaThread "C1 CompilerThread2" daemon [_thread_blocked, id=8376, stack(0x0000005c11600000,0x0000005c11700000)]
  0x0000022a3b302800 JavaThread "C2 CompilerThread1" daemon [_thread_blocked, id=3492, stack(0x0000005c11500000,0x0000005c11600000)]
  0x0000022a3b2fd000 JavaThread "C2 CompilerThread0" daemon [_thread_blocked, id=14984, stack(0x0000005c11400000,0x0000005c11500000)]
  0x0000022a3b2fa800 JavaThread "Attach Listener" daemon [_thread_blocked, id=13872, stack(0x0000005c11300000,0x0000005c11400000)]
  0x0000022a3b2f6800 JavaThread "Signal Dispatcher" daemon [_thread_blocked, id=13716, stack(0x0000005c11200000,0x0000005c11300000)]
  0x0000022a3aba8800 JavaThread "Finalizer" daemon [_thread_blocked, id=15688, stack(0x0000005c11100000,0x0000005c11200000)]
  0x0000022a3ab9f000 JavaThread "Reference Handler" daemon [_thread_blocked, id=11500, stack(0x0000005c11000000,0x0000005c11100000)]

Other Threads:
  0x0000022a3b2b2800 VMThread [stack: 0x0000005c10f00000,0x0000005c11000000] [id=13760]
  0x0000022a3b3af800 WatcherThread [stack: 0x0000005c11800000,0x0000005c11900000] [id=7300]

VM state:not at safepoint (normal execution)

VM Mutex/Monitor currently owned by a thread: None

heap address: 0x0000000081800000, size: 2024 MB, Compressed Oops mode: 32-bit
Narrow klass base: 0x0000000000000000, Narrow klass shift: 3
Compressed class space size: 1073741824 Address: 0x0000000100000000

Heap:
 PSYoungGen      total 38400K, used 10764K [0x00000000d5d80000, 0x00000000d8800000, 0x0000000100000000)
  eden space 33280K, 16% used [0x00000000d5d80000,0x00000000d6305830,0x00000000d7e00000)
  from space 5120K, 99% used [0x00000000d7e00000,0x00000000d82fd9d0,0x00000000d8300000)
  to   space 5120K, 0% used [0x00000000d8300000,0x00000000d8300000,0x00000000d8800000)
 ParOldGen       total 87552K, used 2180K [0x0000000081800000, 0x0000000086d80000, 0x00000000d5d80000)
  object space 87552K, 2% used [0x0000000081800000,0x0000000081a213e8,0x0000000086d80000)
 Metaspace       used 17909K, capacity 18146K, committed 18432K, reserved 1064960K
  class space    used 2372K, capacity 2449K, committed 2560K, reserved 1048576K

Card table byte_map: [0x0000022a358c0000,0x0000022a35cc0000] byte_map_base: 0x0000022a354b4000

Marking Bits: (ParMarkBitMap*) 0x0000000061064fb0
 Begin Bits: [0x0000022a35f70000, 0x0000022a37f10000)
 End Bits:   [0x0000022a37f10000, 0x0000022a39eb0000)

Polling page: 0x0000022a24c20000

CodeCache: size=245760Kb used=7407Kb max_used=7676Kb free=238352Kb
 bounds [0x0000022a26500000, 0x0000022a26c90000, 0x0000022a35500000]
 total_blobs=2999 nmethods=2254 adapters=655
 compilation: enabled

Compilation events (10 events):
Event: 44.250 Thread 0x0000022a3b30f800 2346   !   3       java.lang.ClassLoader::getPackage (118 bytes)
Event: 44.251 Thread 0x0000022a3b30f800 nmethod 2346 0x0000022a267c7c90 code [0x0000022a267c7e60, 0x0000022a267c8970]
Event: 44.252 Thread 0x0000022a3b30f800 2347       3       java.lang.Class::getConstructor0 (103 bytes)
Event: 44.254 Thread 0x0000022a3b30f800 nmethod 2347 0x0000022a267f79d0 code [0x0000022a267f7cc0, 0x0000022a267f91c0]
Event: 44.254 Thread 0x0000022a3b30f800 2348       3       java.lang.reflect.Constructor::newInstance (87 bytes)
Event: 44.254 Thread 0x0000022a3b30f800 nmethod 2348 0x0000022a26639e90 code [0x0000022a2663a080, 0x0000022a2663a7b0]
Event: 44.254 Thread 0x0000022a3b30f800 2349       3       java.util.concurrent.ConcurrentHashMap$Node::<init> (26 bytes)
Event: 44.254 Thread 0x0000022a3b30f800 nmethod 2349 0x0000022a267a6e50 code [0x0000022a267a6fa0, 0x0000022a267a7198]
Event: 44.254 Thread 0x0000022a3b30f800 2350       3       java.lang.ClassNotFoundException::<init> (7 bytes)
Event: 44.255 Thread 0x0000022a3b30f800 nmethod 2350 0x0000022a26605150 code [0x0000022a266052c0, 0x0000022a26605510]

GC Heap History (2 events):
Event: 25.716 GC heap before
{Heap before GC invocations=1 (full 0):
 PSYoungGen      total 38400K, used 33280K [0x00000000d5d80000, 0x00000000d8800000, 0x0000000100000000)
  eden space 33280K, 100% used [0x00000000d5d80000,0x00000000d7e00000,0x00000000d7e00000)
  from space 5120K, 0% used [0x00000000d8300000,0x00000000d8300000,0x00000000d8800000)
  to   space 5120K, 0% used [0x00000000d7e00000,0x00000000d7e00000,0x00000000d8300000)
 ParOldGen       total 87552K, used 0K [0x0000000081800000, 0x0000000086d80000, 0x00000000d5d80000)
  object space 87552K, 0% used [0x0000000081800000,0x0000000081800000,0x0000000086d80000)
 Metaspace       used 17492K, capacity 17730K, committed 18048K, reserved 1064960K
  class space    used 2339K, capacity 2417K, committed 2432K, reserved 1048576K
Event: 25.723 GC heap after
Heap after GC invocations=1 (full 0):
 PSYoungGen      total 38400K, used 5110K [0x00000000d5d80000, 0x00000000d8800000, 0x0000000100000000)
  eden space 33280K, 0% used [0x00000000d5d80000,0x00000000d5d80000,0x00000000d7e00000)
  from space 5120K, 99% used [0x00000000d7e00000,0x00000000d82fd9d0,0x00000000d8300000)
  to   space 5120K, 0% used [0x00000000d8300000,0x00000000d8300000,0x00000000d8800000)
 ParOldGen       total 87552K, used 2180K [0x0000000081800000, 0x0000000086d80000, 0x00000000d5d80000)
  object space 87552K, 2% used [0x0000000081800000,0x0000000081a213e8,0x0000000086d80000)
 Metaspace       used 17492K, capacity 17730K, committed 18048K, reserved 1064960K
  class space    used 2339K, capacity 2417K, committed 2432K, reserved 1048576K
}

Deoptimization events (10 events):
Event: 17.185 Thread 0x0000022a3b2dc800 Uncommon trap: reason=unstable_if action=reinterpret pc=0x0000022a2695f9ac method=java.security.AccessControlContext.combine([Ljava/security/ProtectionDomain;[Ljava/security/ProtectionDomain;)[Ljava/security/ProtectionDomain; @ 108
Event: 23.438 Thread 0x0000022a3b2dc800 Uncommon trap: reason=unstable_if action=reinterpret pc=0x0000022a269a170c method=java.util.Hashtable.get(Ljava/lang/Object;)Ljava/lang/Object; @ 48
Event: 23.771 Thread 0x0000022a3b2dc800 Uncommon trap: reason=class_check action=maybe_recompile pc=0x0000022a2694d2e0 method=java.util.HashMap.putVal(ILjava/lang/Object;Ljava/lang/Object;ZZ)Ljava/lang/Object; @ 203
Event: 23.771 Thread 0x0000022a3b2dc800 Uncommon trap: reason=class_check action=maybe_recompile pc=0x0000022a2694d2e0 method=java.util.HashMap.putVal(ILjava/lang/Object;Ljava/lang/Object;ZZ)Ljava/lang/Object; @ 203
Event: 23.771 Thread 0x0000022a3b2dc800 Uncommon trap: reason=class_check action=maybe_recompile pc=0x0000022a2694d2e0 method=java.util.HashMap.putVal(ILjava/lang/Object;Ljava/lang/Object;ZZ)Ljava/lang/Object; @ 203
Event: 23.772 Thread 0x0000022a3b2dc800 Uncommon trap: reason=class_check action=maybe_recompile pc=0x0000022a2694d2e0 method=java.util.HashMap.putVal(ILjava/lang/Object;Ljava/lang/Object;ZZ)Ljava/lang/Object; @ 203
Event: 25.737 Thread 0x0000022a3b2dc800 Uncommon trap: reason=unstable_if action=reinterpret pc=0x0000022a269cbec0 method=java.lang.ref.SoftReference.get()Ljava/lang/Object; @ 17
Event: 42.445 Thread 0x0000022a3b2dc800 Uncommon trap: reason=unstable_if action=reinterpret pc=0x0000022a26b7be4c method=java.awt.EventQueue.getPriority(Ljava/awt/AWTEvent;)I @ 4
Event: 42.445 Thread 0x0000022a3b2dc800 Uncommon trap: reason=unstable_if action=reinterpret pc=0x0000022a26b6e35c method=java.awt.EventQueue.eventToCacheIndex(Ljava/awt/AWTEvent;)I @ 71
Event: 42.449 Thread 0x0000022a3b2dc800 Uncommon trap: reason=unstable_if action=reinterpret pc=0x0000022a26a09684 method=java.awt.Component.getInputContext()Ljava/awt/im/InputContext; @ 6

Classes redefined (0 events):
No events

Internal exceptions (10 events):
Event: 0.214 Thread 0x0000022a24af5000 Exception <a 'java/security/PrivilegedActionException'> (0x00000000d5ef5430) thrown at [C:\jenkins\workspace\8-2-build-windows-amd64-cygwin\jdk8u261\295\hotspot\src\share\vm\prims\jvm.cpp, line 1512]
Event: 0.216 Thread 0x0000022a24af5000 Exception <a 'java/security/PrivilegedActionException'> (0x00000000d5ef90a0) thrown at [C:\jenkins\workspace\8-2-build-windows-amd64-cygwin\jdk8u261\295\hotspot\src\share\vm\prims\jvm.cpp, line 1512]
Event: 0.216 Thread 0x0000022a24af5000 Exception <a 'java/security/PrivilegedActionException'> (0x00000000d5ef92b0) thrown at [C:\jenkins\workspace\8-2-build-windows-amd64-cygwin\jdk8u261\295\hotspot\src\share\vm\prims\jvm.cpp, line 1512]
Event: 0.224 Thread 0x0000022a24af5000 Exception <a 'java/io/FileNotFoundException'> (0x00000000d5efb438) thrown at [C:\jenkins\workspace\8-2-build-windows-amd64-cygwin\jdk8u261\295\hotspot\src\share\vm\prims\jni.cpp, line 710]
Event: 0.295 Thread 0x0000022a24af5000 Exception <a 'java/lang/NoSuchFieldError': method resolution failed> (0x00000000d5fcbbf8) thrown at [C:\jenkins\workspace\8-2-build-windows-amd64-cygwin\jdk8u261\295\hotspot\src\share\vm\prims\methodHandles.cpp, line 1169]
Event: 0.301 Thread 0x0000022a24af5000 Exception <a 'java/lang/NoSuchFieldError': method resolution failed> (0x00000000d5fd8fc8) thrown at [C:\jenkins\workspace\8-2-build-windows-amd64-cygwin\jdk8u261\295\hotspot\src\share\vm\prims\methodHandles.cpp, line 1169]
Event: 3.420 Thread 0x0000022a24af5000 Exception <a 'java/io/FileNotFoundException'> (0x00000000d6135de8) thrown at [C:\jenkins\workspace\8-2-build-windows-amd64-cygwin\jdk8u261\295\hotspot\src\share\vm\prims\jni.cpp, line 710]
Event: 4.369 Thread 0x0000022a24af5000 Exception <a 'java/lang/ClassCastException': java.lang.Integer cannot be cast to java.awt.Color> (0x00000000d6f4d858) thrown at [C:\jenkins\workspace\8-2-build-windows-amd64-cygwin\jdk8u261\295\hotspot\src\share\vm\interpreter\interpreterRuntime.cpp, line
Event: 4.369 Thread 0x0000022a24af5000 Exception <a 'java/lang/ClassCastException': java.lang.Integer cannot be cast to java.awt.Color> (0x00000000d6f4db28) thrown at [C:\jenkins\workspace\8-2-build-windows-amd64-cygwin\jdk8u261\295\hotspot\src\share\vm\interpreter\interpreterRuntime.cpp, line
Event: 4.369 Thread 0x0000022a24af5000 Exception <a 'java/lang/ClassCastException': java.lang.Integer cannot be cast to java.awt.Color> (0x00000000d6f4ddf8) thrown at [C:\jenkins\workspace\8-2-build-windows-amd64-cygwin\jdk8u261\295\hotspot\src\share\vm\interpreter\interpreterRuntime.cpp, line

Events (10 events):
Event: 44.247 loading class vtk/vtkPropCollection
Event: 44.247 loading class vtk/vtkPropCollection done
Event: 44.247 loading class vtk/vtkCollection
Event: 44.247 loading class vtk/vtkCollection done
Event: 44.250 loading class vtk/vtkOpenGLActor
Event: 44.250 loading class vtk/vtkOpenGLActor done
Event: 44.254 loading class vtk/vtkImageData
Event: 44.254 loading class vtk/vtkImageData done
Event: 44.259 loading class vtk/vtkWindowToImageFilter
Event: 44.259 loading class vtk/vtkWindowToImageFilter done


Dynamic libraries:
0x00007ff68f5e0000 - 0x00007ff68f627000 	C:\Program Files\Java\jre1.8.0_261\bin\javaw.exe
0x00007ff9e81c0000 - 0x00007ff9e83b0000 	C:\WINDOWS\SYSTEM32\ntdll.dll
0x00007ff9e7890000 - 0x00007ff9e7942000 	C:\WINDOWS\System32\KERNEL32.DLL
0x00007ff9e5490000 - 0x00007ff9e5734000 	C:\WINDOWS\System32\KERNELBASE.dll
0x00007ff9e7980000 - 0x00007ff9e7a23000 	C:\WINDOWS\System32\ADVAPI32.dll
0x00007ff9e6870000 - 0x00007ff9e690e000 	C:\WINDOWS\System32\msvcrt.dll
0x00007ff9e80e0000 - 0x00007ff9e8177000 	C:\WINDOWS\System32\sechost.dll
0x00007ff9e6420000 - 0x00007ff9e6540000 	C:\WINDOWS\System32\RPCRT4.dll
0x00007ff9e65a0000 - 0x00007ff9e6734000 	C:\WINDOWS\System32\USER32.dll
0x00007ff9e5740000 - 0x00007ff9e5761000 	C:\WINDOWS\System32\win32u.dll
0x00007ff9e80b0000 - 0x00007ff9e80d6000 	C:\WINDOWS\System32\GDI32.dll
0x00007ff9e5140000 - 0x00007ff9e52d6000 	C:\WINDOWS\System32\gdi32full.dll
0x00007ff9e52e0000 - 0x00007ff9e537e000 	C:\WINDOWS\System32\msvcp_win.dll
0x00007ff9e60a0000 - 0x00007ff9e619a000 	C:\WINDOWS\System32\ucrtbase.dll
0x00007ff9d5ec0000 - 0x00007ff9d6144000 	C:\WINDOWS\WinSxS\amd64_microsoft.windows.common-controls_6595b64144ccf1df_6.0.18362.959_none_e6c7bbbf130c62bb\COMCTL32.dll
0x00007ff9e7460000 - 0x00007ff9e7795000 	C:\WINDOWS\System32\combase.dll
0x00007ff9e61d0000 - 0x00007ff9e6250000 	C:\WINDOWS\System32\bcryptPrimitives.dll
0x00007ff9e7950000 - 0x00007ff9e797e000 	C:\WINDOWS\System32\IMM32.DLL
0x00007ff9df500000 - 0x00007ff9df515000 	C:\Program Files\Java\jre1.8.0_261\bin\vcruntime140.dll
0x00007ff984740000 - 0x00007ff9847db000 	C:\Program Files\Java\jre1.8.0_261\bin\msvcp140.dll
0x0000000060870000 - 0x00000000610dc000 	C:\Program Files\Java\jre1.8.0_261\bin\server\jvm.dll
0x00007ff9e7ea0000 - 0x00007ff9e7ea8000 	C:\WINDOWS\System32\PSAPI.DLL
0x00007ff9cdb50000 - 0x00007ff9cdb59000 	C:\WINDOWS\SYSTEM32\WSOCK32.dll
0x00007ff9e69e0000 - 0x00007ff9e6a4f000 	C:\WINDOWS\System32\WS2_32.dll
0x00007ff9e1c70000 - 0x00007ff9e1c94000 	C:\WINDOWS\SYSTEM32\WINMM.dll
0x00007ff9d8160000 - 0x00007ff9d816a000 	C:\WINDOWS\SYSTEM32\VERSION.dll
0x00007ff9e1c40000 - 0x00007ff9e1c6d000 	C:\WINDOWS\SYSTEM32\WINMMBASE.dll
0x00007ff9e6050000 - 0x00007ff9e609a000 	C:\WINDOWS\System32\cfgmgr32.dll
0x00007ff9e50d0000 - 0x00007ff9e50e1000 	C:\WINDOWS\System32\kernel.appcore.dll
0x00007ff9d4ef0000 - 0x00007ff9d4f00000 	C:\Program Files\Java\jre1.8.0_261\bin\verify.dll
0x00007ff9a8180000 - 0x00007ff9a81ab000 	C:\Program Files\Java\jre1.8.0_261\bin\java.dll
0x00007ff9b56a0000 - 0x00007ff9b56b8000 	C:\Program Files\Java\jre1.8.0_261\bin\zip.dll
0x00007ff9e6b40000 - 0x00007ff9e7226000 	C:\WINDOWS\System32\SHELL32.dll
0x00007ff9e67a0000 - 0x00007ff9e6849000 	C:\WINDOWS\System32\shcore.dll
0x00007ff9e5770000 - 0x00007ff9e5ef2000 	C:\WINDOWS\System32\windows.storage.dll
0x00007ff9e5110000 - 0x00007ff9e5133000 	C:\WINDOWS\System32\profapi.dll
0x00007ff9e5080000 - 0x00007ff9e50ca000 	C:\WINDOWS\System32\powrprof.dll
0x00007ff9e5070000 - 0x00007ff9e5080000 	C:\WINDOWS\System32\UMPDC.dll
0x00007ff9e6740000 - 0x00007ff9e6792000 	C:\WINDOWS\System32\shlwapi.dll
0x00007ff9e6250000 - 0x00007ff9e6267000 	C:\WINDOWS\System32\cryptsp.dll
0x00007ff95c380000 - 0x00007ff95c514000 	C:\Program Files\Java\jre1.8.0_261\bin\awt.dll
0x00007ff9e7390000 - 0x00007ff9e7455000 	C:\WINDOWS\System32\OLEAUT32.dll
0x00007ff9e3150000 - 0x00007ff9e31df000 	C:\WINDOWS\SYSTEM32\apphelp.dll
0x00007ff9d3350000 - 0x00007ff9d337e000 	C:\Users\Алексей\Documents\bo-fbb-informatik-win64\lib\natives\vtkChartsCoreJava.dll
0x00007ff9ddbf0000 - 0x00007ff9ddc05000 	C:\Users\Алексей\Documents\bo-fbb-informatik-win64\lib\natives\vtkWrappingJava.dll
0x00007ff95c210000 - 0x00007ff95c371000 	C:\Users\Алексей\Documents\bo-fbb-informatik-win64\lib\natives\vtkChartsCore-7.1.dll
0x00007ff9d5100000 - 0x00007ff9d5116000 	C:\Users\Алексей\Documents\bo-fbb-informatik-win64\lib\natives\vtkRenderingContext2DJava.dll
0x00007ff9846e0000 - 0x00007ff984737000 	C:\Users\Алексей\Documents\bo-fbb-informatik-win64\lib\natives\vtkCommonCoreJava.dll
0x00007ff9d26c0000 - 0x00007ff9d2704000 	C:\Users\Алексей\Documents\bo-fbb-informatik-win64\lib\natives\vtkRenderingContext2D-7.1.dll
0x00007ff95bd70000 - 0x00007ff95c20e000 	C:\Users\Алексей\Documents\bo-fbb-informatik-win64\lib\natives\vtkCommonCore-7.1.dll
0x00007ff97d580000 - 0x00007ff97d674000 	C:\Users\Алексей\Documents\bo-fbb-informatik-win64\lib\natives\vtkInfovisCore-7.1.dll
0x00007ff9b7a50000 - 0x00007ff9b7a8b000 	C:\Users\Алексей\Documents\bo-fbb-informatik-win64\lib\natives\vtkCommonColor-7.1.dll
0x00007ff95bcb0000 - 0x00007ff95bd6d000 	C:\Users\Алексей\Documents\bo-fbb-informatik-win64\lib\natives\vtkCommonExecutionModel-7.1.dll
0x00007ff95bad0000 - 0x00007ff95bca9000 	C:\Users\Алексей\Documents\bo-fbb-informatik-win64\lib\natives\vtkRenderingCore-7.1.dll
0x00007ff95b800000 - 0x00007ff95bac3000 	C:\Users\Алексей\Documents\bo-fbb-informatik-win64\lib\natives\vtkFiltersGeneral-7.1.dll
0x00007ff95b4a0000 - 0x00007ff95b7f8000 	C:\Users\Алексей\Documents\bo-fbb-informatik-win64\lib\natives\libmmd.dll
0x00007ff95a9a0000 - 0x00007ff95b498000 	C:\Users\Алексей\Documents\bo-fbb-informatik-win64\lib\natives\svml_dispmd.dll
0x00007ff9b6670000 - 0x00007ff9b66ba000 	C:\Users\Алексей\Documents\bo-fbb-informatik-win64\lib\natives\vtkCommonTransforms-7.1.dll
0x00007ff95a5d0000 - 0x00007ff95a9a0000 	C:\Users\Алексей\Documents\bo-fbb-informatik-win64\lib\natives\vtkCommonDataModel-7.1.dll
0x00007ff984670000 - 0x00007ff9846d5000 	C:\Users\Алексей\Documents\bo-fbb-informatik-win64\lib\natives\vtkRenderingCoreJava.dll
0x00007ff9d3320000 - 0x00007ff9d3348000 	C:\Users\Алексей\Documents\bo-fbb-informatik-win64\lib\natives\vtkCommonExecutionModelJava.dll
0x00007ff984190000 - 0x00007ff984229000 	C:\Users\Алексей\Documents\bo-fbb-informatik-win64\lib\natives\vtksys-7.1.dll
0x00007ff95a500000 - 0x00007ff95a5c4000 	C:\Users\Алексей\Documents\bo-fbb-informatik-win64\lib\natives\vtkRenderingFreeType-7.1.dll
0x00007ff9af720000 - 0x00007ff9af753000 	C:\Users\Алексей\Documents\bo-fbb-informatik-win64\lib\natives\vtkCommonMisc-7.1.dll
0x00007ff95a420000 - 0x00007ff95a4f1000 	C:\Users\Алексей\Documents\bo-fbb-informatik-win64\lib\natives\vtkFiltersExtraction-7.1.dll
0x00007ff97ec10000 - 0x00007ff97eca9000 	C:\Users\Алексей\Documents\bo-fbb-informatik-win64\lib\natives\vtkFiltersSources-7.1.dll
0x00007ff97f850000 - 0x00007ff97f8d2000 	C:\Users\Алексей\Documents\bo-fbb-informatik-win64\lib\natives\vtkFiltersGeometry-7.1.dll
0x00007ff9af220000 - 0x00007ff9af255000 	C:\Users\Алексей\Documents\bo-fbb-informatik-win64\lib\natives\vtkCommonComputationalGeometry-7.1.dll
0x00007ff9af660000 - 0x00007ff9af69f000 	C:\Users\Алексей\Documents\bo-fbb-informatik-win64\lib\natives\vtkCommonMath-7.1.dll
0x00007ff95a020000 - 0x00007ff95a41a000 	C:\Users\Алексей\Documents\bo-fbb-informatik-win64\lib\natives\vtkFiltersCore-7.1.dll
0x00007ff9df750000 - 0x00007ff9df757000 	C:\Program Files\Java\jre1.8.0_261\bin\jawt.dll
0x00007ff9b8820000 - 0x00007ff9b8850000 	C:\Users\Алексей\Documents\bo-fbb-informatik-win64\lib\natives\vtkCommonSystem-7.1.dll
0x00007ff968990000 - 0x00007ff968a3c000 	C:\Users\Алексей\Documents\bo-fbb-informatik-win64\lib\natives\vtkfreetype-7.1.dll
0x00007ff959f60000 - 0x00007ff95a013000 	C:\Users\Алексей\Documents\bo-fbb-informatik-win64\lib\natives\vtkFiltersStatistics-7.1.dll
0x00007ff97db20000 - 0x00007ff97dbad000 	C:\Users\Алексей\Documents\bo-fbb-informatik-win64\lib\natives\vtkCommonDataModelJava.dll
0x00007ff9af4e0000 - 0x00007ff9af50b000 	C:\Users\Алексей\Documents\bo-fbb-informatik-win64\lib\natives\vtkzlib-7.1.dll
0x00007ff9abcf0000 - 0x00007ff9abd22000 	C:\Users\Алексей\Documents\bo-fbb-informatik-win64\lib\natives\vtkalglib-7.1.dll
0x00007ff9b7b60000 - 0x00007ff9b7b74000 	C:\Users\Алексей\Documents\bo-fbb-informatik-win64\lib\natives\vtkCommonTransformsJava.dll
0x00007ff9a9a30000 - 0x00007ff9a9a5e000 	C:\Users\Алексей\Documents\bo-fbb-informatik-win64\lib\natives\vtkImagingFourier-7.1.dll
0x00007ff9df6c0000 - 0x00007ff9df6d0000 	C:\Users\Алексей\Documents\bo-fbb-informatik-win64\lib\natives\vtkCommonMathJava.dll
0x00007ff959d00000 - 0x00007ff959f5d000 	C:\Users\Алексей\Documents\bo-fbb-informatik-win64\lib\natives\vtkImagingCore-7.1.dll
0x00007ff9ddcb0000 - 0x00007ff9ddcbd000 	C:\Users\Алексей\Documents\bo-fbb-informatik-win64\lib\natives\vtkCommonColorJava.dll
0x00007ff9ddc70000 - 0x00007ff9ddc80000 	C:\Users\Алексей\Documents\bo-fbb-informatik-win64\lib\natives\vtkCommonComputationalGeometryJava.dll
0x00007ff9d2610000 - 0x00007ff9d261a000 	C:\Users\Алексей\Documents\bo-fbb-informatik-win64\lib\natives\vtkCommonMiscJava.dll
0x00007ff9bae10000 - 0x00007ff9bae1a000 	C:\Users\Алексей\Documents\bo-fbb-informatik-win64\lib\natives\vtkCommonSystemJava.dll
0x00007ff9b9a70000 - 0x00007ff9b9a7d000 	C:\Users\Алексей\Documents\bo-fbb-informatik-win64\lib\natives\vtkDomainsChemistryJava.dll
0x00007ff959c90000 - 0x00007ff959cf3000 	C:\Users\Алексей\Documents\bo-fbb-informatik-win64\lib\natives\vtkDomainsChemistry-7.1.dll
0x00007ff9a7f10000 - 0x00007ff9a7f4b000 	C:\Users\Алексей\Documents\bo-fbb-informatik-win64\lib\natives\vtkIOXMLParser-7.1.dll
0x00007ff985660000 - 0x00007ff9856a5000 	C:\Users\Алексей\Documents\bo-fbb-informatik-win64\lib\natives\vtkexpat-7.1.dll
0x00007ff959bd0000 - 0x00007ff959c86000 	C:\Users\Алексей\Documents\bo-fbb-informatik-win64\lib\natives\vtkIOCore-7.1.dll
0x00007ff9b7a40000 - 0x00007ff9b7a49000 	C:\Users\Алексей\Documents\bo-fbb-informatik-win64\lib\natives\vtkDomainsChemistryOpenGL2Java.dll
0x00007ff9a4a70000 - 0x00007ff9a4a99000 	C:\Users\Алексей\Documents\bo-fbb-informatik-win64\lib\natives\vtkDomainsChemistryOpenGL2-7.1.dll
0x00007ff9a2c60000 - 0x00007ff9a2c88000 	C:\Users\Алексей\Documents\bo-fbb-informatik-win64\lib\natives\vtkRenderingOpenGL2Java.dll
0x00007ff9bd4b0000 - 0x00007ff9bd606000 	C:\WINDOWS\SYSTEM32\OPENGL32.dll
0x00007ff959b60000 - 0x00007ff959bc5000 	C:\Users\Алексей\Documents\bo-fbb-informatik-win64\lib\natives\vtkglew-7.1.dll
0x00007ff9bdf40000 - 0x00007ff9bdf6c000 	C:\WINDOWS\SYSTEM32\GLU32.dll
0x00007ff9e3ce0000 - 0x00007ff9e3d00000 	C:\WINDOWS\SYSTEM32\dxcore.dll
0x00007ff959960000 - 0x00007ff959b59000 	C:\Users\Алексей\Documents\bo-fbb-informatik-win64\lib\natives\vtkRenderingOpenGL2-7.1.dll
0x00007ff9b7980000 - 0x00007ff9b798b000 	C:\Users\Алексей\Documents\bo-fbb-informatik-win64\lib\natives\vtkFiltersAMRJava.dll
0x00007ff9a2b40000 - 0x00007ff9a2b80000 	C:\Users\Алексей\Documents\bo-fbb-informatik-win64\lib\natives\vtkFiltersAMR-7.1.dll
0x00007ff9598d0000 - 0x00007ff95995d000 	C:\Users\Алексей\Documents\bo-fbb-informatik-win64\lib\natives\vtkParallelCore-7.1.dll
0x00007ff959810000 - 0x00007ff9598ce000 	C:\Users\Алексей\Documents\bo-fbb-informatik-win64\lib\natives\vtkIOLegacy-7.1.dll
0x00007ff9a28c0000 - 0x00007ff9a28f9000 	C:\Users\Алексей\Documents\bo-fbb-informatik-win64\lib\natives\vtkFiltersCoreJava.dll
0x00007ff9b7930000 - 0x00007ff9b7941000 	C:\Users\Алексей\Documents\bo-fbb-informatik-win64\lib\natives\vtkFiltersExtractionJava.dll
0x00007ff9a22c0000 - 0x00007ff9a22f0000 	C:\Users\Алексей\Documents\bo-fbb-informatik-win64\lib\natives\vtkFiltersGeneralJava.dll
0x00007ff9b5420000 - 0x00007ff9b5432000 	C:\Users\Алексей\Documents\bo-fbb-informatik-win64\lib\natives\vtkFiltersFlowPathsJava.dll
0x00007ff959790000 - 0x00007ff959803000 	C:\Users\Алексей\Documents\bo-fbb-informatik-win64\lib\natives\vtkFiltersFlowPaths-7.1.dll
0x00007ff9b78b0000 - 0x00007ff9b78c0000 	C:\Users\Алексей\Documents\bo-fbb-informatik-win64\lib\natives\vtkFiltersGenericJava.dll
0x00007ff97d540000 - 0x00007ff97d575000 	C:\Users\Алексей\Documents\bo-fbb-informatik-win64\lib\natives\vtkFiltersGeneric-7.1.dll
0x00007ff9afca0000 - 0x00007ff9afcb1000 	C:\Users\Алексей\Documents\bo-fbb-informatik-win64\lib\natives\vtkFiltersGeometryJava.dll
0x00007ff9a9720000 - 0x00007ff9a9734000 	C:\Users\Алексей\Documents\bo-fbb-informatik-win64\lib\natives\vtkFiltersHybridJava.dll
0x00007ff959690000 - 0x00007ff959784000 	C:\Users\Алексей\Documents\bo-fbb-informatik-win64\lib\natives\vtkFiltersHybrid-7.1.dll
0x00007ff959640000 - 0x00007ff959687000 	C:\Users\Алексей\Documents\bo-fbb-informatik-win64\lib\natives\vtkImagingSources-7.1.dll
0x00007ff9b76d0000 - 0x00007ff9b76dd000 	C:\Users\Алексей\Documents\bo-fbb-informatik-win64\lib\natives\vtkFiltersHyperTreeJava.dll
0x00007ff9595f0000 - 0x00007ff959632000 	C:\Users\Алексей\Documents\bo-fbb-informatik-win64\lib\natives\vtkFiltersHyperTree-7.1.dll
0x00007ff9b5120000 - 0x00007ff9b512a000 	C:\Users\Алексей\Documents\bo-fbb-informatik-win64\lib\natives\vtkFiltersImagingJava.dll
0x00007ff9b0d90000 - 0x00007ff9b0d9f000 	C:\Users\Алексей\Documents\bo-fbb-informatik-win64\lib\natives\vtkFiltersStatisticsJava.dll
0x00007ff98a930000 - 0x00007ff98a95c000 	C:\Users\Алексей\Documents\bo-fbb-informatik-win64\lib\natives\vtkFiltersImaging-7.1.dll
0x00007ff959520000 - 0x00007ff9595ed000 	C:\Users\Алексей\Documents\bo-fbb-informatik-win64\lib\natives\vtkImagingGeneral-7.1.dll
0x00007ff9a1eb0000 - 0x00007ff9a1ec2000 	C:\Users\Алексей\Documents\bo-fbb-informatik-win64\lib\natives\vtkFiltersModelingJava.dll
0x00007ff9594b0000 - 0x00007ff959513000 	C:\Users\Алексей\Documents\bo-fbb-informatik-win64\lib\natives\vtkFiltersModeling-7.1.dll
0x00007ff9a10d0000 - 0x00007ff9a10e2000 	C:\Users\Алексей\Documents\bo-fbb-informatik-win64\lib\natives\vtkFiltersParallelJava.dll
0x00007ff985ac0000 - 0x00007ff985add000 	C:\Users\Алексей\Documents\bo-fbb-informatik-win64\lib\natives\vtkFiltersSourcesJava.dll
0x00007ff9593e0000 - 0x00007ff9594ab000 	C:\Users\Алексей\Documents\bo-fbb-informatik-win64\lib\natives\vtkFiltersParallel-7.1.dll
0x00007ff9afd20000 - 0x00007ff9afd29000 	C:\Users\Алексей\Documents\bo-fbb-informatik-win64\lib\natives\vtkFiltersParallelImagingJava.dll
0x00007ff984650000 - 0x00007ff98466e000 	C:\Users\Алексей\Documents\bo-fbb-informatik-win64\lib\natives\vtkImagingCoreJava.dll
0x00007ff982760000 - 0x00007ff982780000 	C:\Users\Алексей\Documents\bo-fbb-informatik-win64\lib\natives\vtkFiltersParallelImaging-7.1.dll
0x00007ff982550000 - 0x00007ff982569000 	C:\Users\Алексей\Documents\bo-fbb-informatik-win64\lib\natives\vtkFiltersPointsJava.dll

VM Arguments:
jvm_args: -Djava.library.path=C:\Users\Алексей\Documents\bo-fbb-informatik-win64\lib\natives;C:\Users\Алексей\Documents\bo-fbb-informatik-win64\lib\natives;C:\Users\Алексей\Documents\bo-fbb-informatik-win64\lib\natives;C:\Users\Алексей\Documents\bo-fbb-informatik-win64\lib\natives -Dfile.encoding=Cp1251 
java_command: models.StructureFromFile
java_class_path (initial): C:\Users\Алексей\Documents\bo-fbb-informatik-win64\lib\bo-fbb-informatik.jar;C:\Users\Алексей\Documents\GitHub\oofem\oofem\bin
Launcher Type: SUN_STANDARD

Environment Variables:
PATH=C:/Program Files/Java/jre1.8.0_261/bin/server;C:/Program Files/Java/jre1.8.0_261/bin;C:/Program Files/Java/jre1.8.0_261/lib/amd64;C:\Program Files (x86)\Common Files\Oracle\Java\javapath;C:\Program Files (x86)\Parallels\Parallels Tools\Applications;C:\cygwin64\bin;C:\SIMULIA\Commands;C:\Program Files (x86)\NVIDIA Corporation\PhysX\Common;C:\Program Files\Microsoft MPI\Bin\;C:\Program Files (x86)\Intel\iCLS Client\;C:\Program Files\Intel\iCLS Client\;C:\WINDOWS\system32;C:\WINDOWS;C:\WINDOWS\System32\Wbem;C:\WINDOWS\System32\WindowsPowerShell\v1.0\;C:\WINDOWS\System32\OpenSSH\;C:\Program Files\Microsoft SQL Server\Client SDK\ODBC\110\Tools\Binn\;C:\Program Files (x86)\Microsoft SQL Server\120\Tools\Binn\;C:\Program Files\Microsoft SQL Server\120\Tools\Binn\;C:\Program Files\Microsoft SQL Server\120\DTS\Binn\;C:\Program Files (x86)\Windows Kits\8.1\Windows Performance Toolkit\;C:\Users\Алексей\AppData\Local\Microsoft\WindowsApps;C:\Users\Алексей\Documents\bo-fbb-informatik-win64\lib\natives;;C:\eclipse;
USERNAME=Алексей
OS=Windows_NT
PROCESSOR_IDENTIFIER=Intel64 Family 6 Model 61 Stepping 4, GenuineIntel



---------------  S Y S T E M  ---------------

OS: Windows 10.0 , 64 bit Build 18362 (10.0.18362.959)

CPU:total 4 (initial active 4) (2 cores per cpu, 2 threads per core) family 6 model 61 stepping 4, cmov, cx8, fxsr, mmx, sse, sse2, sse3, ssse3, sse4.1, sse4.2, popcnt, avx, avx2, aes, clmul, erms, 3dnowpref, lzcnt, ht, tsc, tscinvbit, bmi1, bmi2, adx

Memory: 4k page, physical 8288672k(2370500k free), swap 15023500k(2406192k free)

vm_info: Java HotSpot(TM) 64-Bit Server VM (25.261-b12) for windows-amd64 JRE (1.8.0_261-b12), built on Jun 18 2020 06:56:32 by "" with unknown MS VC++:1916

time: Mon Jul 27 01:20:14 2020
timezone: W. Europe Daylight Time
elapsed time: 44 seconds (0d 0h 0m 44s)

