#
# A fatal error has been detected by the Java Runtime Environment:
#
#  EXCEPTION_ACCESS_VIOLATION (0xc0000005) at pc=0x00007ffec1f6c683, pid=11720, tid=0x0000000000000dac
#
# JRE version: Java(TM) SE Runtime Environment (8.0_261-b12) (build 1.8.0_261-b12)
# Java VM: Java HotSpot(TM) 64-Bit Server VM (25.261-b12 mixed mode windows-amd64 compressed oops)
# Problematic frame:
# C  [vtkRenderingOpenGL2-7.1.dll+0xec683]
#
# Failed to write core dump. Minidumps are not enabled by default on client versions of Windows
#
# If you would like to submit a bug report, please visit:
#   http://bugreport.java.com/bugreport/crash.jsp
# The crash happened outside the Java Virtual Machine in native code.
# See problematic frame for where to report the bug.
#

---------------  T H R E A D  ---------------

Current thread (0x00000149c7366000):  JavaThread "AWT-EventQueue-0" [_thread_in_native, id=3500, stack(0x0000001a7c600000,0x0000001a7c700000)]

siginfo: ExceptionCode=0xc0000005, reading address 0x0000000000000078

Registers:
RAX=0x00007ffec2061b08, RBX=0x0000000000000000, RCX=0x0000000000000000, RDX=0x00007ffec1fc69e8
RSP=0x0000001a7c6fd210, RBP=0x0000001a7c6fd240, RSI=0x00000149c728e2d0, RDI=0x00000149c7396eb0
R8 =0x0000000000000000, R9 =0x00000149c7396eb0, R10=0x0000000000008000, R11=0x0000001a7c6fd630
R12=0x00007ffec1fc69e8, R13=0x00007ffec1fc69e8, R14=0x00000149c728e2d0, R15=0x0000000000000000
RIP=0x00007ffec1f6c683, EFLAGS=0x0000000000010206

Top of Stack: (sp=0x0000001a7c6fd210)
0x0000001a7c6fd210:   00007ffec206ae68 00007fff00000000
0x0000001a7c6fd220:   00007ffec2062c68 00000149c7291b60
0x0000001a7c6fd230:   0000001a7c6fd270 0000001a7c6fd2b0
0x0000001a7c6fd240:   00000149c74ac260 00007ffec3bba0c0
0x0000001a7c6fd250:   00000149c73a79b0 00007ffe00000000
0x0000001a7c6fd260:   0000000000000000 000000000000000f
0x0000001a7c6fd270:   fffffffffffffffe 00007ffec2062c68
0x0000001a7c6fd280:   0000001a7c6fd2b0 00007ffec1f72a03
0x0000001a7c6fd290:   0000001a7c6fd2b0 0000001a7c6fd2d0
0x0000001a7c6fd2a0:   00000149aeca0000 00007fff26c3b997
0x0000001a7c6fd2b0:   00007ffec3df6fc8 000001499108c55c
0x0000001a7c6fd2c0:   fffffffffffffffe 00000149c7342638
0x0000001a7c6fd2d0:   00000149c7396eb0 00000149c728e2d0
0x0000001a7c6fd2e0:   0000000000000000 00000149aeca0150
0x0000001a7c6fd2f0:   0000001a7c6fd320 00007ffec1f6c2ff
0x0000001a7c6fd300:   0000000000000000 00000149aeca0000 

Instructions: (pc=0x00007ffec1f6c683)
0x00007ffec1f6c663:   b5 98 00 00 00 48 89 9d a0 00 00 00 48 89 8d c0
0x00007ffec1f6c673:   00 00 00 48 c7 85 80 00 00 00 fe ff ff ff 74 06
0x00007ffec1f6c683:   80 79 78 00 75 15 b8 ff ff ff ff 4c 8b a5 88 00
0x00007ffec1f6c693:   00 00 48 8d a5 b0 00 00 00 5d c3 33 ff 48 8d 4d 


Register to memory mapping:

RAX=0x00007ffec2061b08 is an unknown value
RBX=0x0000000000000000 is an unknown value
RCX=0x0000000000000000 is an unknown value
RDX=0x00007ffec1fc69e8 is an unknown value
RSP=0x0000001a7c6fd210 is pointing into the stack for thread: 0x00000149c7366000
RBP=0x0000001a7c6fd240 is pointing into the stack for thread: 0x00000149c7366000
RSI=0x00000149c728e2d0 is an unknown value
RDI=0x00000149c7396eb0 is an unknown value
R8 =0x0000000000000000 is an unknown value
R9 =0x00000149c7396eb0 is an unknown value
R10=0x0000000000008000 is an unknown value
R11=0x0000001a7c6fd630 is pointing into the stack for thread: 0x00000149c7366000
R12=0x00007ffec1fc69e8 is an unknown value
R13=0x00007ffec1fc69e8 is an unknown value
R14=0x00000149c728e2d0 is an unknown value
R15=0x0000000000000000 is an unknown value


Stack: [0x0000001a7c600000,0x0000001a7c700000],  sp=0x0000001a7c6fd210,  free space=1012k
Native frames: (J=compiled Java code, j=interpreted, Vv=VM code, C=native code)
C  [vtkRenderingOpenGL2-7.1.dll+0xec683]
C  [vtkRenderingOpenGL2-7.1.dll+0xec2ff]
C  [vtkRenderingOpenGL2-7.1.dll+0xa4a9c]
C  [vtkRenderingOpenGL2-7.1.dll+0x9b05f]
C  [vtkRenderingOpenGL2-7.1.dll+0x991ed]
C  [vtkRenderingOpenGL2-7.1.dll+0x98cba]
C  [vtkRenderingCore-7.1.dll+0xa77b0]
C  [vtkRenderingOpenGL2-7.1.dll+0x2c8c2]
C  [vtkRenderingCore-7.1.dll+0xbf61]
C  [vtkRenderingOpenGL2-7.1.dll+0xc25ba]
C  [vtkRenderingOpenGL2-7.1.dll+0xc10d8]
C  [vtkRenderingCore-7.1.dll+0xb5a80]
C  [vtkRenderingCore-7.1.dll+0xb42a9]
C  [vtkRenderingCore-7.1.dll+0xc0465]
C  [vtkRenderingCore-7.1.dll+0xc08af]
C  [vtkRenderingCore-7.1.dll+0xc0e8b]
C  [vtkRenderingCore-7.1.dll+0xbe0d5]
C  [vtkRenderingOpenGL2-7.1.dll+0xb9a6a]
C  0x00000149b0679f4e

Java frames: (J=compiled Java code, j=interpreted, Vv=VM code)
j  vtk.vtkRenderWindow.Render_10()V+0
j  vtk.vtkRenderWindow.Render()V+1
j  vtk.vtkPanel.Render()V+164
j  inf.vtk.VTKCanvas.Render()V+91
j  inf.vtk.VTKCanvas$1.run()V+4
j  java.awt.event.InvocationEvent.dispatch()V+11
j  java.awt.EventQueue.dispatchEventImpl(Ljava/awt/AWTEvent;Ljava/lang/Object;)V+21
j  java.awt.EventQueue.access$500(Ljava/awt/EventQueue;Ljava/awt/AWTEvent;Ljava/lang/Object;)V+3
j  java.awt.EventQueue$3.run()Ljava/lang/Void;+32
j  java.awt.EventQueue$3.run()Ljava/lang/Object;+1
v  ~StubRoutines::call_stub
j  java.security.AccessController.doPrivileged(Ljava/security/PrivilegedAction;Ljava/security/AccessControlContext;)Ljava/lang/Object;+0
j  java.security.ProtectionDomain$JavaSecurityAccessImpl.doIntersectionPrivilege(Ljava/security/PrivilegedAction;Ljava/security/AccessControlContext;Ljava/security/AccessControlContext;)Ljava/lang/Object;+18
j  java.awt.EventQueue.dispatchEvent(Ljava/awt/AWTEvent;)V+46
j  java.awt.EventDispatchThread.pumpOneEventForFilters(I)V+140
j  java.awt.EventDispatchThread.pumpEventsForFilter(ILjava/awt/Conditional;Ljava/awt/EventFilter;)V+35
j  java.awt.EventDispatchThread.pumpEventsForHierarchy(ILjava/awt/Conditional;Ljava/awt/Component;)V+11
j  java.awt.EventDispatchThread.pumpEvents(ILjava/awt/Conditional;)V+4
j  java.awt.EventDispatchThread.pumpEvents(Ljava/awt/Conditional;)V+3
j  java.awt.EventDispatchThread.run()V+9
v  ~StubRoutines::call_stub

---------------  P R O C E S S  ---------------

Java Threads: ( => current thread )
  0x00000149c737c800 JavaThread "Image Fetcher 0" daemon [_thread_blocked, id=5828, stack(0x0000001a7c700000,0x0000001a7c800000)]
=>0x00000149c7366000 JavaThread "AWT-EventQueue-0" [_thread_in_native, id=3500, stack(0x0000001a7c600000,0x0000001a7c700000)]
  0x00000149c7208000 JavaThread "AWT-Windows" daemon [_thread_in_native, id=5240, stack(0x0000001a7c500000,0x0000001a7c600000)]
  0x00000149c63f2800 JavaThread "AWT-Shutdown" [_thread_blocked, id=3428, stack(0x0000001a7c400000,0x0000001a7c500000)]
  0x00000149c63f1000 JavaThread "Java2D Disposer" daemon [_thread_blocked, id=12804, stack(0x0000001a7c300000,0x0000001a7c400000)]
  0x00000149c54d5000 JavaThread "Service Thread" daemon [_thread_blocked, id=864, stack(0x0000001a7c000000,0x0000001a7c100000)]
  0x00000149c5466800 JavaThread "C1 CompilerThread2" daemon [_thread_blocked, id=13148, stack(0x0000001a7bf00000,0x0000001a7c000000)]
  0x00000149c5457000 JavaThread "C2 CompilerThread1" daemon [_thread_blocked, id=6044, stack(0x0000001a7be00000,0x0000001a7bf00000)]
  0x00000149c5454800 JavaThread "C2 CompilerThread0" daemon [_thread_blocked, id=12524, stack(0x0000001a7bd00000,0x0000001a7be00000)]
  0x00000149c5450800 JavaThread "Attach Listener" daemon [_thread_blocked, id=11356, stack(0x0000001a7bc00000,0x0000001a7bd00000)]
  0x00000149c544f800 JavaThread "Signal Dispatcher" daemon [_thread_blocked, id=2908, stack(0x0000001a7bb00000,0x0000001a7bc00000)]
  0x00000149c4d08000 JavaThread "Finalizer" daemon [_thread_blocked, id=2108, stack(0x0000001a7ba00000,0x0000001a7bb00000)]
  0x00000149c5415000 JavaThread "Reference Handler" daemon [_thread_blocked, id=8180, stack(0x0000001a7b900000,0x0000001a7ba00000)]
  0x00000149aecd4800 JavaThread "main" [_thread_blocked, id=14244, stack(0x0000001a7b300000,0x0000001a7b400000)]

Other Threads:
  0x00000149c5413000 VMThread [stack: 0x0000001a7b800000,0x0000001a7b900000] [id=7048]
  0x00000149c5502800 WatcherThread [stack: 0x0000001a7c100000,0x0000001a7c200000] [id=4948]

VM state:not at safepoint (normal execution)

VM Mutex/Monitor currently owned by a thread: None

heap address: 0x0000000081800000, size: 2024 MB, Compressed Oops mode: 32-bit
Narrow klass base: 0x0000000000000000, Narrow klass shift: 3
Compressed class space size: 1073741824 Address: 0x0000000100000000

Heap:
 PSYoungGen      total 38400K, used 14214K [0x00000000d5d80000, 0x00000000d8800000, 0x0000000100000000)
  eden space 33280K, 42% used [0x00000000d5d80000,0x00000000d6b61980,0x00000000d7e00000)
  from space 5120K, 0% used [0x00000000d8300000,0x00000000d8300000,0x00000000d8800000)
  to   space 5120K, 0% used [0x00000000d7e00000,0x00000000d7e00000,0x00000000d8300000)
 ParOldGen       total 87552K, used 0K [0x0000000081800000, 0x0000000086d80000, 0x00000000d5d80000)
  object space 87552K, 0% used [0x0000000081800000,0x0000000081800000,0x0000000086d80000)
 Metaspace       used 12956K, capacity 13170K, committed 13440K, reserved 1060864K
  class space    used 1725K, capacity 1802K, committed 1920K, reserved 1048576K

Card table byte_map: [0x00000149bfa20000,0x00000149bfe20000] byte_map_base: 0x00000149bf614000

Marking Bits: (ParMarkBitMap*) 0x0000000068844fb0
 Begin Bits: [0x00000149c00d0000, 0x00000149c2070000)
 End Bits:   [0x00000149c2070000, 0x00000149c4010000)

Polling page: 0x00000149aee00000

CodeCache: size=245760Kb used=2696Kb max_used=2696Kb free=243063Kb
 bounds [0x00000149b0660000, 0x00000149b0910000, 0x00000149bf660000]
 total_blobs=1235 nmethods=722 adapters=426
 compilation: enabled

Compilation events (10 events):
Event: 3.840 Thread 0x00000149c5466800  718   !   3       java.util.logging.LogManager::ensureLogManagerInitialized (128 bytes)
Event: 3.841 Thread 0x00000149c5466800 nmethod 718 0x00000149b0900990 code [0x00000149b0900b40, 0x00000149b09011d0]
Event: 3.841 Thread 0x00000149c5466800  719       3       java.util.Locale::equals (75 bytes)
Event: 3.841 Thread 0x00000149c5466800 nmethod 719 0x00000149b09013d0 code [0x00000149b0901580, 0x00000149b0901dc0]
Event: 3.841 Thread 0x00000149c5466800  720       3       java.util.logging.LogManager$LoggerContext::requiresDefaultLoggers (29 bytes)
Event: 3.842 Thread 0x00000149c5466800 nmethod 720 0x00000149b0901f90 code [0x00000149b0902100, 0x00000149b0902530]
Event: 3.842 Thread 0x00000149c5466800  721       1       java.util.logging.LogManager::access$500 (5 bytes)
Event: 3.842 Thread 0x00000149c5466800 nmethod 721 0x00000149b0902610 code [0x00000149b0902760, 0x00000149b0902858]
Event: 3.842 Thread 0x00000149c5466800  722       1       java.util.ResourceBundle$CacheKey::hashCode (5 bytes)
Event: 3.842 Thread 0x00000149c5466800 nmethod 722 0x00000149b09028d0 code [0x00000149b0902a20, 0x00000149b0902b38]

GC Heap History (0 events):
No events

Deoptimization events (5 events):
Event: 3.356 Thread 0x00000149aecd4800 Uncommon trap: reason=unstable_if action=reinterpret pc=0x00000149b0872878 method=java.lang.String.<init>([CII)V @ 18
Event: 3.758 Thread 0x00000149aecd4800 Uncommon trap: reason=class_check action=maybe_recompile pc=0x00000149b07db1e0 method=java.lang.String.equals(Ljava/lang/Object;)Z @ 8
Event: 3.761 Thread 0x00000149aecd4800 Uncommon trap: reason=class_check action=maybe_recompile pc=0x00000149b07db1e0 method=java.lang.String.equals(Ljava/lang/Object;)Z @ 8
Event: 3.767 Thread 0x00000149aecd4800 Uncommon trap: reason=class_check action=maybe_recompile pc=0x00000149b07db1e0 method=java.lang.String.equals(Ljava/lang/Object;)Z @ 8
Event: 3.767 Thread 0x00000149aecd4800 Uncommon trap: reason=class_check action=maybe_recompile pc=0x00000149b07db1e0 method=java.lang.String.equals(Ljava/lang/Object;)Z @ 8

Classes redefined (0 events):
No events

Internal exceptions (10 events):
Event: 0.139 Thread 0x00000149aecd4800 Exception <a 'java/security/PrivilegedActionException'> (0x00000000d5ef7f20) thrown at [C:\jenkins\workspace\8-2-build-windows-amd64-cygwin\jdk8u261\295\hotspot\src\share\vm\prims\jvm.cpp, line 1512]
Event: 0.140 Thread 0x00000149aecd4800 Exception <a 'java/security/PrivilegedActionException'> (0x00000000d5efbb90) thrown at [C:\jenkins\workspace\8-2-build-windows-amd64-cygwin\jdk8u261\295\hotspot\src\share\vm\prims\jvm.cpp, line 1512]
Event: 0.140 Thread 0x00000149aecd4800 Exception <a 'java/security/PrivilegedActionException'> (0x00000000d5efbda0) thrown at [C:\jenkins\workspace\8-2-build-windows-amd64-cygwin\jdk8u261\295\hotspot\src\share\vm\prims\jvm.cpp, line 1512]
Event: 0.146 Thread 0x00000149aecd4800 Exception <a 'java/io/FileNotFoundException'> (0x00000000d5efdf28) thrown at [C:\jenkins\workspace\8-2-build-windows-amd64-cygwin\jdk8u261\295\hotspot\src\share\vm\prims\jni.cpp, line 710]
Event: 0.188 Thread 0x00000149aecd4800 Exception <a 'java/lang/NoSuchFieldError': method resolution failed> (0x00000000d5fce940) thrown at [C:\jenkins\workspace\8-2-build-windows-amd64-cygwin\jdk8u261\295\hotspot\src\share\vm\prims\methodHandles.cpp, line 1169]
Event: 0.191 Thread 0x00000149aecd4800 Exception <a 'java/lang/NoSuchFieldError': method resolution failed> (0x00000000d5fdbd10) thrown at [C:\jenkins\workspace\8-2-build-windows-amd64-cygwin\jdk8u261\295\hotspot\src\share\vm\prims\methodHandles.cpp, line 1169]
Event: 3.171 Thread 0x00000149aecd4800 Exception <a 'java/io/FileNotFoundException'> (0x00000000d6138a68) thrown at [C:\jenkins\workspace\8-2-build-windows-amd64-cygwin\jdk8u261\295\hotspot\src\share\vm\prims\jni.cpp, line 710]
Event: 3.712 Thread 0x00000149aecd4800 Exception <a 'java/lang/ClassCastException': java.lang.Integer cannot be cast to java.awt.Color> (0x00000000d67bec20) thrown at [C:\jenkins\workspace\8-2-build-windows-amd64-cygwin\jdk8u261\295\hotspot\src\share\vm\interpreter\interpreterRuntime.cpp, line
Event: 3.712 Thread 0x00000149aecd4800 Exception <a 'java/lang/ClassCastException': java.lang.Integer cannot be cast to java.awt.Color> (0x00000000d67beef0) thrown at [C:\jenkins\workspace\8-2-build-windows-amd64-cygwin\jdk8u261\295\hotspot\src\share\vm\interpreter\interpreterRuntime.cpp, line
Event: 3.712 Thread 0x00000149aecd4800 Exception <a 'java/lang/ClassCastException': java.lang.Integer cannot be cast to java.awt.Color> (0x00000000d67bf1c0) thrown at [C:\jenkins\workspace\8-2-build-windows-amd64-cygwin\jdk8u261\295\hotspot\src\share\vm\interpreter\interpreterRuntime.cpp, line

Events (10 events):
Event: 3.837 loading class sun/util/logging/resources/logging_en
Event: 3.837 loading class sun/util/logging/resources/logging_en done
Event: 3.838 loading class java/util/ResourceBundle$Control$1
Event: 3.838 loading class java/util/ResourceBundle$Control$1 done
Event: 3.839 loading class sun/util/logging/resources/logging_en_US
Event: 3.839 loading class sun/util/logging/resources/logging_en_US done
Event: 3.839 loading class java/util/logging/LogManager$5
Event: 3.839 loading class java/util/logging/LogManager$5 done
Event: 3.841 loading class java/util/logging/LogManager$RootLogger
Event: 3.842 loading class java/util/logging/LogManager$RootLogger done


Dynamic libraries:
0x00007ff6dfce0000 - 0x00007ff6dfd27000 	C:\Program Files\Java\jre1.8.0_261\bin\javaw.exe
0x00007fff26c00000 - 0x00007fff26df0000 	C:\WINDOWS\SYSTEM32\ntdll.dll
0x00007fff25d90000 - 0x00007fff25e42000 	C:\WINDOWS\System32\KERNEL32.DLL
0x00007fff24ae0000 - 0x00007fff24d84000 	C:\WINDOWS\System32\KERNELBASE.dll
0x00007fff25b40000 - 0x00007fff25be3000 	C:\WINDOWS\System32\ADVAPI32.dll
0x00007fff25490000 - 0x00007fff2552e000 	C:\WINDOWS\System32\msvcrt.dll
0x00007fff25530000 - 0x00007fff255c7000 	C:\WINDOWS\System32\sechost.dll
0x00007fff25750000 - 0x00007fff25870000 	C:\WINDOWS\System32\RPCRT4.dll
0x00007fff25bf0000 - 0x00007fff25d84000 	C:\WINDOWS\System32\USER32.dll
0x00007fff23fc0000 - 0x00007fff23fe1000 	C:\WINDOWS\System32\win32u.dll
0x00007fff26420000 - 0x00007fff26446000 	C:\WINDOWS\System32\GDI32.dll
0x00007fff241b0000 - 0x00007fff24346000 	C:\WINDOWS\System32\gdi32full.dll
0x00007fff240a0000 - 0x00007fff2413e000 	C:\WINDOWS\System32\msvcp_win.dll
0x00007fff23e40000 - 0x00007fff23f3a000 	C:\WINDOWS\System32\ucrtbase.dll
0x00007fff15440000 - 0x00007fff156c4000 	C:\WINDOWS\WinSxS\amd64_microsoft.windows.common-controls_6595b64144ccf1df_6.0.18362.959_none_e6c7bbbf130c62bb\COMCTL32.dll
0x00007fff26030000 - 0x00007fff26365000 	C:\WINDOWS\System32\combase.dll
0x00007fff23f40000 - 0x00007fff23fc0000 	C:\WINDOWS\System32\bcryptPrimitives.dll
0x00007fff259d0000 - 0x00007fff259fe000 	C:\WINDOWS\System32\IMM32.DLL
0x00007ffef86d0000 - 0x00007ffef86e5000 	C:\Program Files\Java\jre1.8.0_261\bin\vcruntime140.dll
0x00007ffeec910000 - 0x00007ffeec9ab000 	C:\Program Files\Java\jre1.8.0_261\bin\msvcp140.dll
0x0000000068050000 - 0x00000000688bc000 	C:\Program Files\Java\jre1.8.0_261\bin\server\jvm.dll
0x00007fff26020000 - 0x00007fff26028000 	C:\WINDOWS\System32\PSAPI.DLL
0x00007fff0cbf0000 - 0x00007fff0cbf9000 	C:\WINDOWS\SYSTEM32\WSOCK32.dll
0x00007fff25680000 - 0x00007fff256ef000 	C:\WINDOWS\System32\WS2_32.dll
0x00007fff21a40000 - 0x00007fff21a64000 	C:\WINDOWS\SYSTEM32\WINMM.dll
0x00007fff169a0000 - 0x00007fff169aa000 	C:\WINDOWS\SYSTEM32\VERSION.dll
0x00007fff21a10000 - 0x00007fff21a3d000 	C:\WINDOWS\SYSTEM32\winmmbase.dll
0x00007fff24140000 - 0x00007fff2418a000 	C:\WINDOWS\System32\cfgmgr32.dll
0x00007fff23c20000 - 0x00007fff23c31000 	C:\WINDOWS\System32\kernel.appcore.dll
0x00007fff1ba10000 - 0x00007fff1ba20000 	C:\Program Files\Java\jre1.8.0_261\bin\verify.dll
0x00007fff12370000 - 0x00007fff1239b000 	C:\Program Files\Java\jre1.8.0_261\bin\java.dll
0x00007fff14cb0000 - 0x00007fff14cc8000 	C:\Program Files\Java\jre1.8.0_261\bin\zip.dll
0x00007fff24da0000 - 0x00007fff25486000 	C:\WINDOWS\System32\SHELL32.dll
0x00007fff26370000 - 0x00007fff26419000 	C:\WINDOWS\System32\shcore.dll
0x00007fff24350000 - 0x00007fff24ad2000 	C:\WINDOWS\System32\windows.storage.dll
0x00007fff23bf0000 - 0x00007fff23c13000 	C:\WINDOWS\System32\profapi.dll
0x00007fff23ba0000 - 0x00007fff23bea000 	C:\WINDOWS\System32\powrprof.dll
0x00007fff23b90000 - 0x00007fff23ba0000 	C:\WINDOWS\System32\UMPDC.dll
0x00007fff26ae0000 - 0x00007fff26b32000 	C:\WINDOWS\System32\shlwapi.dll
0x00007fff24190000 - 0x00007fff241a7000 	C:\WINDOWS\System32\cryptsp.dll
0x00007ffedf7f0000 - 0x00007ffedf984000 	C:\Program Files\Java\jre1.8.0_261\bin\awt.dll
0x00007fff26a10000 - 0x00007fff26ad5000 	C:\WINDOWS\System32\OLEAUT32.dll
0x00007fff21cb0000 - 0x00007fff21d3f000 	C:\WINDOWS\SYSTEM32\apphelp.dll
0x00007ffef6160000 - 0x00007ffef618e000 	C:\Users\Алексей\Documents\bo-fbb-informatik-win64\lib\natives\vtkChartsCoreJava.dll
0x00007ffef8430000 - 0x00007ffef8446000 	C:\Users\Алексей\Documents\bo-fbb-informatik-win64\lib\natives\vtkRenderingContext2DJava.dll
0x00007ffef83d0000 - 0x00007ffef83e5000 	C:\Users\Алексей\Documents\bo-fbb-informatik-win64\lib\natives\vtkWrappingJava.dll
0x00007ffedc8c0000 - 0x00007ffedca21000 	C:\Users\Алексей\Documents\bo-fbb-informatik-win64\lib\natives\vtkChartsCore-7.1.dll
0x00007ffeec8b0000 - 0x00007ffeec907000 	C:\Users\Алексей\Documents\bo-fbb-informatik-win64\lib\natives\vtkCommonCoreJava.dll
0x00007ffeea9d0000 - 0x00007ffeeaa14000 	C:\Users\Алексей\Documents\bo-fbb-informatik-win64\lib\natives\vtkRenderingContext2D-7.1.dll
0x00007ffee8e80000 - 0x00007ffee8ee5000 	C:\Users\Алексей\Documents\bo-fbb-informatik-win64\lib\natives\vtkRenderingCoreJava.dll
0x00007ffec3980000 - 0x00007ffec3e1e000 	C:\Users\Алексей\Documents\bo-fbb-informatik-win64\lib\natives\vtkCommonCore-7.1.dll
0x00007ffef4970000 - 0x00007ffef4998000 	C:\Users\Алексей\Documents\bo-fbb-informatik-win64\lib\natives\vtkCommonExecutionModelJava.dll
0x00007ffee8dc0000 - 0x00007ffee8e7d000 	C:\Users\Алексей\Documents\bo-fbb-informatik-win64\lib\natives\vtkCommonExecutionModel-7.1.dll
0x00007ffee2980000 - 0x00007ffee2a74000 	C:\Users\Алексей\Documents\bo-fbb-informatik-win64\lib\natives\vtkInfovisCore-7.1.dll
0x00007ffecdfa0000 - 0x00007ffece179000 	C:\Users\Алексей\Documents\bo-fbb-informatik-win64\lib\natives\vtkRenderingCore-7.1.dll
0x00007ffef00f0000 - 0x00007ffef012b000 	C:\Users\Алексей\Documents\bo-fbb-informatik-win64\lib\natives\vtkCommonColor-7.1.dll
0x00007ffee6750000 - 0x00007ffee679a000 	C:\Users\Алексей\Documents\bo-fbb-informatik-win64\lib\natives\vtkCommonTransforms-7.1.dll
0x00007ffec3620000 - 0x00007ffec3978000 	C:\Users\Алексей\Documents\bo-fbb-informatik-win64\lib\natives\libmmd.dll
0x00007ffec3350000 - 0x00007ffec3613000 	C:\Users\Алексей\Documents\bo-fbb-informatik-win64\lib\natives\vtkFiltersGeneral-7.1.dll
0x00007ffec2850000 - 0x00007ffec3348000 	C:\Users\Алексей\Documents\bo-fbb-informatik-win64\lib\natives\svml_dispmd.dll
0x00007ffec2480000 - 0x00007ffec2850000 	C:\Users\Алексей\Documents\bo-fbb-informatik-win64\lib\natives\vtkCommonDataModel-7.1.dll
0x00007ffee5f20000 - 0x00007ffee5fb9000 	C:\Users\Алексей\Documents\bo-fbb-informatik-win64\lib\natives\vtksys-7.1.dll
0x00007fff14990000 - 0x00007fff14997000 	C:\Program Files\Java\jre1.8.0_261\bin\jawt.dll
0x00007ffee2720000 - 0x00007ffee27e4000 	C:\Users\Алексей\Documents\bo-fbb-informatik-win64\lib\natives\vtkRenderingFreeType-7.1.dll
0x00007ffee1100000 - 0x00007ffee11d1000 	C:\Users\Алексей\Documents\bo-fbb-informatik-win64\lib\natives\vtkFiltersExtraction-7.1.dll
0x00007ffee28a0000 - 0x00007ffee292d000 	C:\Users\Алексей\Documents\bo-fbb-informatik-win64\lib\natives\vtkCommonDataModelJava.dll
0x00007ffeefc70000 - 0x00007ffeefca3000 	C:\Users\Алексей\Documents\bo-fbb-informatik-win64\lib\natives\vtkCommonMisc-7.1.dll
0x00007ffee2690000 - 0x00007ffee2712000 	C:\Users\Алексей\Documents\bo-fbb-informatik-win64\lib\natives\vtkFiltersGeometry-7.1.dll
0x00007ffee6710000 - 0x00007ffee6745000 	C:\Users\Алексей\Documents\bo-fbb-informatik-win64\lib\natives\vtkCommonComputationalGeometry-7.1.dll
0x00007ffedf750000 - 0x00007ffedf7e9000 	C:\Users\Алексей\Documents\bo-fbb-informatik-win64\lib\natives\vtkFiltersSources-7.1.dll
0x00007ffec2080000 - 0x00007ffec247a000 	C:\Users\Алексей\Documents\bo-fbb-informatik-win64\lib\natives\vtkFiltersCore-7.1.dll
0x00007ffee66d0000 - 0x00007ffee670f000 	C:\Users\Алексей\Documents\bo-fbb-informatik-win64\lib\natives\vtkCommonMath-7.1.dll
0x00007ffeee6a0000 - 0x00007ffeee6d0000 	C:\Users\Алексей\Documents\bo-fbb-informatik-win64\lib\natives\vtkCommonSystem-7.1.dll
0x00007ffef8250000 - 0x00007ffef8264000 	C:\Users\Алексей\Documents\bo-fbb-informatik-win64\lib\natives\vtkCommonTransformsJava.dll
0x00007fff139e0000 - 0x00007fff139f0000 	C:\Users\Алексей\Documents\bo-fbb-informatik-win64\lib\natives\vtkCommonMathJava.dll
0x00007ffecdef0000 - 0x00007ffecdf9c000 	C:\Users\Алексей\Documents\bo-fbb-informatik-win64\lib\natives\vtkfreetype-7.1.dll
0x00007ffecddb0000 - 0x00007ffecde63000 	C:\Users\Алексей\Documents\bo-fbb-informatik-win64\lib\natives\vtkFiltersStatistics-7.1.dll
0x00007ffeeb6d0000 - 0x00007ffeeb6fb000 	C:\Users\Алексей\Documents\bo-fbb-informatik-win64\lib\natives\vtkzlib-7.1.dll
0x00007ffee2f80000 - 0x00007ffee2fb2000 	C:\Users\Алексей\Documents\bo-fbb-informatik-win64\lib\natives\vtkalglib-7.1.dll
0x00007ffeeb5e0000 - 0x00007ffeeb60e000 	C:\Users\Алексей\Documents\bo-fbb-informatik-win64\lib\natives\vtkImagingFourier-7.1.dll
0x00007ffec9340000 - 0x00007ffec959d000 	C:\Users\Алексей\Documents\bo-fbb-informatik-win64\lib\natives\vtkImagingCore-7.1.dll
0x00007fff12490000 - 0x00007fff1249d000 	C:\Users\Алексей\Documents\bo-fbb-informatik-win64\lib\natives\vtkCommonColorJava.dll
0x00007fff123c0000 - 0x00007fff123d0000 	C:\Users\Алексей\Documents\bo-fbb-informatik-win64\lib\natives\vtkCommonComputationalGeometryJava.dll
0x00007fff12360000 - 0x00007fff1236a000 	C:\Users\Алексей\Documents\bo-fbb-informatik-win64\lib\natives\vtkCommonMiscJava.dll
0x00007fff11fa0000 - 0x00007fff11faa000 	C:\Users\Алексей\Documents\bo-fbb-informatik-win64\lib\natives\vtkCommonSystemJava.dll
0x00007fff11570000 - 0x00007fff1157d000 	C:\Users\Алексей\Documents\bo-fbb-informatik-win64\lib\natives\vtkDomainsChemistryJava.dll
0x00007ffedede0000 - 0x00007ffedee43000 	C:\Users\Алексей\Documents\bo-fbb-informatik-win64\lib\natives\vtkDomainsChemistry-7.1.dll
0x00007ffee10c0000 - 0x00007ffee10fb000 	C:\Users\Алексей\Documents\bo-fbb-informatik-win64\lib\natives\vtkIOXMLParser-7.1.dll
0x00007ffee0970000 - 0x00007ffee09b5000 	C:\Users\Алексей\Documents\bo-fbb-informatik-win64\lib\natives\vtkexpat-7.1.dll
0x00007ffecdc20000 - 0x00007ffecdcd6000 	C:\Users\Алексей\Documents\bo-fbb-informatik-win64\lib\natives\vtkIOCore-7.1.dll
0x00007fff11360000 - 0x00007fff11369000 	C:\Users\Алексей\Documents\bo-fbb-informatik-win64\lib\natives\vtkDomainsChemistryOpenGL2Java.dll
0x00007ffeeb210000 - 0x00007ffeeb239000 	C:\Users\Алексей\Documents\bo-fbb-informatik-win64\lib\natives\vtkDomainsChemistryOpenGL2-7.1.dll
0x00007ffeea960000 - 0x00007ffeea988000 	C:\Users\Алексей\Documents\bo-fbb-informatik-win64\lib\natives\vtkRenderingOpenGL2Java.dll
0x00007fff0cfc0000 - 0x00007fff0d116000 	C:\WINDOWS\SYSTEM32\OPENGL32.dll
0x00007ffecdbb0000 - 0x00007ffecdc15000 	C:\Users\Алексей\Documents\bo-fbb-informatik-win64\lib\natives\vtkglew-7.1.dll
0x00007fff0d870000 - 0x00007fff0d89c000 	C:\WINDOWS\SYSTEM32\GLU32.dll
0x00007fff22800000 - 0x00007fff22820000 	C:\WINDOWS\SYSTEM32\dxcore.dll
0x00007ffec1e80000 - 0x00007ffec2079000 	C:\Users\Алексей\Documents\bo-fbb-informatik-win64\lib\natives\vtkRenderingOpenGL2-7.1.dll
0x00007fff10ef0000 - 0x00007fff10efb000 	C:\Users\Алексей\Documents\bo-fbb-informatik-win64\lib\natives\vtkFiltersAMRJava.dll
0x00007ffedf030000 - 0x00007ffedf070000 	C:\Users\Алексей\Documents\bo-fbb-informatik-win64\lib\natives\vtkFiltersAMR-7.1.dll
0x00007ffecdb20000 - 0x00007ffecdbad000 	C:\Users\Алексей\Documents\bo-fbb-informatik-win64\lib\natives\vtkParallelCore-7.1.dll
0x00007ffecd250000 - 0x00007ffecd30e000 	C:\Users\Алексей\Documents\bo-fbb-informatik-win64\lib\natives\vtkIOLegacy-7.1.dll
0x00007ffecdd70000 - 0x00007ffecdda9000 	C:\Users\Алексей\Documents\bo-fbb-informatik-win64\lib\natives\vtkFiltersCoreJava.dll
0x00007ffef6040000 - 0x00007ffef6051000 	C:\Users\Алексей\Documents\bo-fbb-informatik-win64\lib\natives\vtkFiltersExtractionJava.dll
0x00007ffee2950000 - 0x00007ffee2980000 	C:\Users\Алексей\Documents\bo-fbb-informatik-win64\lib\natives\vtkFiltersGeneralJava.dll
0x00007ffef58b0000 - 0x00007ffef58c2000 	C:\Users\Алексей\Documents\bo-fbb-informatik-win64\lib\natives\vtkFiltersFlowPathsJava.dll
0x00007ffecd1d0000 - 0x00007ffecd243000 	C:\Users\Алексей\Documents\bo-fbb-informatik-win64\lib\natives\vtkFiltersFlowPaths-7.1.dll
0x00007fff10300000 - 0x00007fff10310000 	C:\Users\Алексей\Documents\bo-fbb-informatik-win64\lib\natives\vtkFiltersGenericJava.dll
0x00007ffecdae0000 - 0x00007ffecdb15000 	C:\Users\Алексей\Documents\bo-fbb-informatik-win64\lib\natives\vtkFiltersGeneric-7.1.dll
0x00007ffef3dc0000 - 0x00007ffef3dd1000 	C:\Users\Алексей\Documents\bo-fbb-informatik-win64\lib\natives\vtkFiltersGeometryJava.dll
0x00007ffeee140000 - 0x00007ffeee154000 	C:\Users\Алексей\Documents\bo-fbb-informatik-win64\lib\natives\vtkFiltersHybridJava.dll
0x00007ffec1d80000 - 0x00007ffec1e74000 	C:\Users\Алексей\Documents\bo-fbb-informatik-win64\lib\natives\vtkFiltersHybrid-7.1.dll
0x00007ffecd180000 - 0x00007ffecd1c7000 	C:\Users\Алексей\Documents\bo-fbb-informatik-win64\lib\natives\vtkImagingSources-7.1.dll
0x00007fff0d190000 - 0x00007fff0d19d000 	C:\Users\Алексей\Documents\bo-fbb-informatik-win64\lib\natives\vtkFiltersHyperTreeJava.dll
0x00007ffec92f0000 - 0x00007ffec9332000 	C:\Users\Алексей\Documents\bo-fbb-informatik-win64\lib\natives\vtkFiltersHyperTree-7.1.dll
0x00007fff02710000 - 0x00007fff0271a000 	C:\Users\Алексей\Documents\bo-fbb-informatik-win64\lib\natives\vtkFiltersImagingJava.dll
0x00007ffef9560000 - 0x00007ffef956f000 	C:\Users\Алексей\Documents\bo-fbb-informatik-win64\lib\natives\vtkFiltersStatisticsJava.dll
0x00007ffed1e30000 - 0x00007ffed1e5c000 	C:\Users\Алексей\Documents\bo-fbb-informatik-win64\lib\natives\vtkFiltersImaging-7.1.dll
0x00007ffec1cb0000 - 0x00007ffec1d7d000 	C:\Users\Алексей\Documents\bo-fbb-informatik-win64\lib\natives\vtkImagingGeneral-7.1.dll
0x00007ffeedb30000 - 0x00007ffeedb42000 	C:\Users\Алексей\Documents\bo-fbb-informatik-win64\lib\natives\vtkFiltersModelingJava.dll
0x00007ffec1c40000 - 0x00007ffec1ca3000 	C:\Users\Алексей\Documents\bo-fbb-informatik-win64\lib\natives\vtkFiltersModeling-7.1.dll
0x00007ffeec890000 - 0x00007ffeec8a2000 	C:\Users\Алексей\Documents\bo-fbb-informatik-win64\lib\natives\vtkFiltersParallelJava.dll
0x00007ffee2cb0000 - 0x00007ffee2ccd000 	C:\Users\Алексей\Documents\bo-fbb-informatik-win64\lib\natives\vtkFiltersSourcesJava.dll
0x00007ffec1b70000 - 0x00007ffec1c3b000 	C:\Users\Алексей\Documents\bo-fbb-informatik-win64\lib\natives\vtkFiltersParallel-7.1.dll
0x00007ffef9030000 - 0x00007ffef9039000 	C:\Users\Алексей\Documents\bo-fbb-informatik-win64\lib\natives\vtkFiltersParallelImagingJava.dll
0x00007ffedf5f0000 - 0x00007ffedf60e000 	C:\Users\Алексей\Documents\bo-fbb-informatik-win64\lib\natives\vtkImagingCoreJava.dll
0x00007ffededc0000 - 0x00007ffedede0000 	C:\Users\Алексей\Documents\bo-fbb-informatik-win64\lib\natives\vtkFiltersParallelImaging-7.1.dll
0x00007ffed1d90000 - 0x00007ffed1da9000 	C:\Users\Алексей\Documents\bo-fbb-informatik-win64\lib\natives\vtkFiltersPointsJava.dll

VM Arguments:
jvm_args: -Djava.library.path=C:\Users\Алексей\Documents\bo-fbb-informatik-win64\lib\natives;C:\Users\user\lib\natives;C:\Users\user\lib\natives;C:\Users\Алексей\Documents\bo-fbb-informatik-win64\lib\natives -Dfile.encoding=Cp1251 
java_command: models.SmallTetraeder
java_class_path (initial): C:\Users\Алексей\Documents\bo-fbb-informatik-win64\lib\bo-fbb-informatik.jar;C:\Users\Алексей\Documents\GitHub\oofem\oofem\bin
Launcher Type: SUN_STANDARD

Environment Variables:
PATH=C:/Program Files/Java/jre1.8.0_261/bin/server;C:/Program Files/Java/jre1.8.0_261/bin;C:/Program Files/Java/jre1.8.0_261/lib/amd64;C:\Program Files (x86)\Common Files\Oracle\Java\javapath;C:\Program Files (x86)\Parallels\Parallels Tools\Applications;C:\cygwin64\bin;C:\SIMULIA\Commands;C:\Program Files (x86)\NVIDIA Corporation\PhysX\Common;C:\Program Files\Microsoft MPI\Bin\;C:\Program Files (x86)\Intel\iCLS Client\;C:\Program Files\Intel\iCLS Client\;C:\WINDOWS\system32;C:\WINDOWS;C:\WINDOWS\System32\Wbem;C:\WINDOWS\System32\WindowsPowerShell\v1.0\;C:\WINDOWS\System32\OpenSSH\;C:\Program Files\Microsoft SQL Server\Client SDK\ODBC\110\Tools\Binn\;C:\Program Files (x86)\Microsoft SQL Server\120\Tools\Binn\;C:\Program Files\Microsoft SQL Server\120\Tools\Binn\;C:\Program Files\Microsoft SQL Server\120\DTS\Binn\;C:\Program Files (x86)\Windows Kits\8.1\Windows Performance Toolkit\;C:\Users\Алексей\AppData\Local\Microsoft\WindowsApps;C:\Users\Алексей\Documents\bo-fbb-informatik-win64\lib\natives;C:\eclipse;
USERNAME=Алексей
OS=Windows_NT
PROCESSOR_IDENTIFIER=Intel64 Family 6 Model 61 Stepping 4, GenuineIntel



---------------  S Y S T E M  ---------------

OS: Windows 10.0 , 64 bit Build 18362 (10.0.18362.959)

CPU:total 4 (initial active 4) (2 cores per cpu, 2 threads per core) family 6 model 61 stepping 4, cmov, cx8, fxsr, mmx, sse, sse2, sse3, ssse3, sse4.1, sse4.2, popcnt, avx, avx2, aes, clmul, erms, 3dnowpref, lzcnt, ht, tsc, tscinvbit, bmi1, bmi2, adx

Memory: 4k page, physical 8288672k(3922052k free), swap 12220832k(6062252k free)

vm_info: Java HotSpot(TM) 64-Bit Server VM (25.261-b12) for windows-amd64 JRE (1.8.0_261-b12), built on Jun 18 2020 06:56:32 by "" with unknown MS VC++:1916

time: Thu Jul 23 00:17:21 2020
timezone: W. Europe Daylight Time
elapsed time: 4 seconds (0d 0h 0m 4s)

